2023-12-12 22:58:39,799 - elsapy.elsclient - INFO - Module loaded.
2023-12-12 22:58:41,446 - elsapy.elsentity - INFO - Module loaded.
2023-12-12 22:58:41,446 - elsapy.utils - INFO - Module loaded.
2023-12-12 22:58:41,446 - elsapy.elsprofile - INFO - Module loaded.
2023-12-12 22:58:41,447 - elsapy.elsdoc - INFO - Module loaded.
2023-12-12 22:58:41,448 - elsapy.elssearch - INFO - Module loaded.
2023-12-12 22:58:41,448 - elsapy.elsclient - INFO - Sending GET request to https://api.elsevier.com/content/author/author_id/7004367821
2023-12-12 22:58:41,878 - elsapy.elsentity - WARNING - HTTP 401 Error from https://api.elsevier.com/content/author/author_id/7004367821
and using headers {'X-ELS-APIKey': '88c4f10367d5f1163de3346f5d7d57b4', 'User-Agent': 'elsapy-v0.5.1', 'Accept': 'application/json'}:
{"service-error":{"status":{"statusCode":"AUTHORIZATION_ERROR","statusText":"The requestor is not authorized to access the requested view or fields of the resource"}}}
2023-12-12 22:58:42,879 - elsapy.elsclient - INFO - Sending GET request to https://api.elsevier.com/content/affiliation/affiliation_id/60101411
2023-12-12 22:58:43,551 - elsapy.elsentity - WARNING - HTTP 401 Error from https://api.elsevier.com/content/affiliation/affiliation_id/60101411
and using headers {'X-ELS-APIKey': '88c4f10367d5f1163de3346f5d7d57b4', 'User-Agent': 'elsapy-v0.5.1', 'Accept': 'application/json'}:
{"service-error":{"status":{"statusCode":"AUTHORIZATION_ERROR","statusText":"The requestor is not authorized to access the requested view or fields of the resource"}}}
2023-12-12 22:58:44,552 - elsapy.elsclient - INFO - Sending GET request to https://api.elsevier.com/content/abstract/scopus_id/84872135457
2023-12-12 22:58:44,915 - elsapy.elsentity - INFO - Data loaded for https://api.elsevier.com/content/abstract/scopus_id/84872135457
2023-12-12 22:58:44,917 - elsapy.elsentity - INFO - Wrote https://api.elsevier.com/content/abstract/scopus_id/84872135457 to file
2023-12-12 22:58:45,912 - elsapy.elsclient - INFO - Sending GET request to https://api.elsevier.com/content/article/pii/S1674927814000082
2023-12-12 22:58:46,664 - elsapy.elsentity - INFO - Data loaded for https://api.elsevier.com/content/article/pii/S1674927814000082
2023-12-12 22:58:46,675 - elsapy.elsentity - INFO - Wrote https://api.elsevier.com/content/article/pii/S1674927814000082 to file
2023-12-12 22:58:47,664 - elsapy.elsclient - INFO - Sending GET request to https://api.elsevier.com/content/article/doi/10.1016/S1525-1578(10)60571-5
2023-12-12 22:58:48,350 - elsapy.elsentity - INFO - Data loaded for https://api.elsevier.com/content/article/doi/10.1016/S1525-1578(10)60571-5
2023-12-12 22:58:48,356 - elsapy.elsentity - INFO - Wrote https://api.elsevier.com/content/article/doi/10.1016/S1525-1578(10)60571-5 to file
2023-12-12 22:58:54,124 - elsapy.elsclient - INFO - Sending GET request to https://api.elsevier.com/content/search/author?query=authlast%28keuskamp%29
2023-12-12 23:00:24,339 - elsapy.elsclient - INFO - Module loaded.
2023-12-12 23:00:24,699 - elsapy.elsentity - INFO - Module loaded.
2023-12-12 23:00:24,699 - elsapy.utils - INFO - Module loaded.
2023-12-12 23:00:24,699 - elsapy.elsprofile - INFO - Module loaded.
2023-12-12 23:00:24,700 - elsapy.elsdoc - INFO - Module loaded.
2023-12-12 23:00:24,701 - elsapy.elssearch - INFO - Module loaded.
2023-12-12 23:00:25,342 - elsapy.elsclient - INFO - Sending GET request to https://api.elsevier.com/content/author/author_id/56006224700
2023-12-12 23:00:25,716 - elsapy.elsentity - WARNING - HTTP 401 Error from https://api.elsevier.com/content/author/author_id/56006224700
and using headers {'X-ELS-APIKey': '88c4f10367d5f1163de3346f5d7d57b4', 'User-Agent': 'elsapy-v0.5.1', 'Accept': 'application/json'}:
{"service-error":{"status":{"statusCode":"AUTHORIZATION_ERROR","statusText":"The requestor is not authorized to access the requested view or fields of the resource"}}}
2023-12-12 23:04:10,679 - elsapy.elsclient - INFO - Module loaded.
2023-12-12 23:04:11,046 - elsapy.elsentity - INFO - Module loaded.
2023-12-12 23:04:11,046 - elsapy.utils - INFO - Module loaded.
2023-12-12 23:04:11,047 - elsapy.elsprofile - INFO - Module loaded.
2023-12-12 23:04:11,047 - elsapy.elsdoc - INFO - Module loaded.
2023-12-12 23:04:11,049 - elsapy.elssearch - INFO - Module loaded.
2023-12-12 23:04:11,680 - elsapy.elsclient - INFO - Sending GET request to https://api.elsevier.com/content/author/author_id/56006224700
2023-12-12 23:04:12,003 - elsapy.elsentity - WARNING - HTTP 401 Error from https://api.elsevier.com/content/author/author_id/56006224700
and using headers {'X-ELS-APIKey': '88c4f10367d5f1163de3346f5d7d57b4', 'User-Agent': 'elsapy-v0.5.1', 'Accept': 'application/json'}:
{"service-error":{"status":{"statusCode":"AUTHORIZATION_ERROR","statusText":"The requestor is not authorized to access the requested view or fields of the resource"}}}
